  main.cpp
C:\Users\Diego Admin\Documents\GitHub\Hw1_CS_301_LuisGuerrero\Hw1_CS_301_LuisGuerrero\Hw1_CS_301_LuisGuerrero\list.h(68,1): error C2679: binary '=': no operator found which takes a right-hand operand of type 'node<T> *' (or there is no acceptable conversion)
          with
          [
              T=std::string &
          ]
C:\Program Files (x86)\Microsoft Visual Studio\2019\Community\VC\Tools\MSVC\14.24.28314\include\xstring(2710,19): message : could be 'std::basic_string<char,std::char_traits<char>,std::allocator<char>> &std::basic_string<char,std::char_traits<char>,std::allocator<char>>::operator =(const _Elem)'
          with
          [
              _Elem=char
          ]
C:\Program Files (x86)\Microsoft Visual Studio\2019\Community\VC\Tools\MSVC\14.24.28314\include\xstring(2706,19): message : or       'std::basic_string<char,std::char_traits<char>,std::allocator<char>> &std::basic_string<char,std::char_traits<char>,std::allocator<char>>::operator =(const _Elem *const )'
          with
          [
              _Elem=char
          ]
C:\Program Files (x86)\Microsoft Visual Studio\2019\Community\VC\Tools\MSVC\14.24.28314\include\xstring(2691,19): message : or       'std::basic_string<char,std::char_traits<char>,std::allocator<char>> &std::basic_string<char,std::char_traits<char>,std::allocator<char>>::operator =(const std::basic_string<char,std::char_traits<char>,std::allocator<char>> &)'
C:\Program Files (x86)\Microsoft Visual Studio\2019\Community\VC\Tools\MSVC\14.24.28314\include\xstring(2590,19): message : or       'std::basic_string<char,std::char_traits<char>,std::allocator<char>> &std::basic_string<char,std::char_traits<char>,std::allocator<char>>::operator =(std::initializer_list<_Elem>)'
          with
          [
              _Elem=char
          ]
C:\Program Files (x86)\Microsoft Visual Studio\2019\Community\VC\Tools\MSVC\14.24.28314\include\xstring(2491,19): message : or       'std::basic_string<char,std::char_traits<char>,std::allocator<char>> &std::basic_string<char,std::char_traits<char>,std::allocator<char>>::operator =(std::basic_string<char,std::char_traits<char>,std::allocator<char>> &&) noexcept'
C:\Users\Diego Admin\Documents\GitHub\Hw1_CS_301_LuisGuerrero\Hw1_CS_301_LuisGuerrero\Hw1_CS_301_LuisGuerrero\list.h(68,1): message : while trying to match the argument list '(std::string, node<T> *)'
          with
          [
              T=std::string &
          ]
C:\Users\Diego Admin\Documents\GitHub\Hw1_CS_301_LuisGuerrero\Hw1_CS_301_LuisGuerrero\Hw1_CS_301_LuisGuerrero\list.h(57): message : while compiling class template member function 'node<T> *list<T>::insert(T,const int)'
          with
          [
              T=std::string &
          ]
C:\Users\Diego Admin\Documents\GitHub\Hw1_CS_301_LuisGuerrero\Hw1_CS_301_LuisGuerrero\Hw1_CS_301_LuisGuerrero\main.cpp(38): message : see reference to class template instantiation 'list<std::string &>' being compiled
C:\Users\Diego Admin\Documents\GitHub\Hw1_CS_301_LuisGuerrero\Hw1_CS_301_LuisGuerrero\Hw1_CS_301_LuisGuerrero\list.h(68,1): error C2679: binary '=': no operator found which takes a right-hand operand of type 'node<T> *' (or there is no acceptable conversion)
          with
          [
              T=std::string
          ]
C:\Program Files (x86)\Microsoft Visual Studio\2019\Community\VC\Tools\MSVC\14.24.28314\include\xstring(2710,19): message : could be 'std::basic_string<char,std::char_traits<char>,std::allocator<char>> &std::basic_string<char,std::char_traits<char>,std::allocator<char>>::operator =(const _Elem)'
          with
          [
              _Elem=char
          ]
C:\Program Files (x86)\Microsoft Visual Studio\2019\Community\VC\Tools\MSVC\14.24.28314\include\xstring(2706,19): message : or       'std::basic_string<char,std::char_traits<char>,std::allocator<char>> &std::basic_string<char,std::char_traits<char>,std::allocator<char>>::operator =(const _Elem *const )'
          with
          [
              _Elem=char
          ]
C:\Program Files (x86)\Microsoft Visual Studio\2019\Community\VC\Tools\MSVC\14.24.28314\include\xstring(2691,19): message : or       'std::basic_string<char,std::char_traits<char>,std::allocator<char>> &std::basic_string<char,std::char_traits<char>,std::allocator<char>>::operator =(const std::basic_string<char,std::char_traits<char>,std::allocator<char>> &)'
C:\Program Files (x86)\Microsoft Visual Studio\2019\Community\VC\Tools\MSVC\14.24.28314\include\xstring(2590,19): message : or       'std::basic_string<char,std::char_traits<char>,std::allocator<char>> &std::basic_string<char,std::char_traits<char>,std::allocator<char>>::operator =(std::initializer_list<_Elem>)'
          with
          [
              _Elem=char
          ]
C:\Program Files (x86)\Microsoft Visual Studio\2019\Community\VC\Tools\MSVC\14.24.28314\include\xstring(2491,19): message : or       'std::basic_string<char,std::char_traits<char>,std::allocator<char>> &std::basic_string<char,std::char_traits<char>,std::allocator<char>>::operator =(std::basic_string<char,std::char_traits<char>,std::allocator<char>> &&) noexcept'
C:\Users\Diego Admin\Documents\GitHub\Hw1_CS_301_LuisGuerrero\Hw1_CS_301_LuisGuerrero\Hw1_CS_301_LuisGuerrero\list.h(68,1): message : while trying to match the argument list '(T, node<T> *)'
          with
          [
              T=std::string
          ]
C:\Users\Diego Admin\Documents\GitHub\Hw1_CS_301_LuisGuerrero\Hw1_CS_301_LuisGuerrero\Hw1_CS_301_LuisGuerrero\list.h(57): message : while compiling class template member function 'node<T> *list<T>::insert(T &,const int)'
          with
          [
              T=std::string
          ]
C:\Users\Diego Admin\Documents\GitHub\Hw1_CS_301_LuisGuerrero\Hw1_CS_301_LuisGuerrero\Hw1_CS_301_LuisGuerrero\main.cpp(62): message : see reference to class template instantiation 'list<std::string>' being compiled
C:\Users\Diego Admin\Documents\GitHub\Hw1_CS_301_LuisGuerrero\Hw1_CS_301_LuisGuerrero\Hw1_CS_301_LuisGuerrero\list.h(68,1): error C2679: binary '=': no operator found which takes a right-hand operand of type 'node<T> *' (or there is no acceptable conversion)
          with
          [
              T=list<std::string>
          ]
C:\Users\Diego Admin\Documents\GitHub\Hw1_CS_301_LuisGuerrero\Hw1_CS_301_LuisGuerrero\Hw1_CS_301_LuisGuerrero\list.h(31,1): message : could be 'list<std::string> &list<std::string>::operator =(const list<std::string> &)'
C:\Users\Diego Admin\Documents\GitHub\Hw1_CS_301_LuisGuerrero\Hw1_CS_301_LuisGuerrero\Hw1_CS_301_LuisGuerrero\list.h(68,1): message : while trying to match the argument list '(T, node<T> *)'
          with
          [
              T=list<std::string>
          ]
C:\Users\Diego Admin\Documents\GitHub\Hw1_CS_301_LuisGuerrero\Hw1_CS_301_LuisGuerrero\Hw1_CS_301_LuisGuerrero\list.h(57): message : while compiling class template member function 'node<T> *list<T>::insert(T &,const int)'
          with
          [
              T=list<std::string>
          ]
C:\Users\Diego Admin\Documents\GitHub\Hw1_CS_301_LuisGuerrero\Hw1_CS_301_LuisGuerrero\Hw1_CS_301_LuisGuerrero\main.cpp(73): message : see reference to class template instantiation 'list<list<std::string>>' being compiled
